<?xml version="1.0" encoding="utf-8"?><testsuites name="pytest tests"><testsuite name="pytest" errors="0" failures="0" skipped="0" tests="21" time="82.060" timestamp="2026-04-18T21:56:09.167917+00:00" hostname="agent-env-73eb59ec-5d2e-4449-ac68-8421665ca66c"><testcase classname="backend.tests.test_control_analysis" name="test_csv_import" time="0.488" /><testcase classname="backend.tests.test_control_analysis" name="test_excel_import" time="0.132" /><testcase classname="backend.tests.test_control_analysis" name="test_servicenow_mock_import" time="0.112" /><testcase classname="backend.tests.test_control_analysis" name="test_list_controls_no_object_id_leak" time="0.112" /><testcase classname="backend.tests.test_control_analysis" name="test_filter_controls_by_domain" time="0.122" /><testcase classname="backend.tests.test_control_analysis" name="test_get_update_delete_control" time="0.585" /><testcase classname="backend.tests.test_control_analysis" name="test_quality" time="0.151" /><testcase classname="backend.tests.test_control_analysis" name="test_duplicates" time="0.128" /><testcase classname="backend.tests.test_control_analysis" name="test_coverage" time="0.128" /><testcase classname="backend.tests.test_control_analysis" name="test_regulation_mapping" time="0.137" /><testcase classname="backend.tests.test_control_analysis" name="test_uplift_language_real_llm" time="15.847" /><testcase classname="backend.tests.test_control_analysis" name="test_evidence_evaluate_text_real_llm" time="25.634" /><testcase classname="backend.tests.test_control_analysis" name="test_evidence_upload_txt" time="23.333" /><testcase classname="backend.tests.test_control_analysis" name="test_evidence_upload_empty_file_returns_400" time="0.139" /><testcase classname="backend.tests.test_control_analysis" name="test_list_and_get_evaluations" time="0.257" /><testcase classname="backend.tests.test_control_analysis" name="test_5w1h_regenerate" time="11.402" /><testcase classname="backend.tests.test_control_analysis" name="test_workpaper_pdf" time="0.290" /><testcase classname="backend.tests.test_control_analysis" name="test_workpaper_excel" time="0.142" /><testcase classname="backend.tests.test_control_analysis" name="test_regression_auth_login" time="0.340" /><testcase classname="backend.tests.test_control_analysis" name="test_regression_tech_risk_assessments" time="0.469" /><testcase classname="backend.tests.test_control_analysis" name="test_regression_issue_management" time="1.785" /></testsuite></testsuites>