<?xml version="1.0" encoding="utf-8"?><testsuites name="pytest tests"><testsuite name="pytest" errors="0" failures="1" skipped="0" tests="32" time="93.297" timestamp="2026-04-19T08:55:07.093271+00:00" hostname="agent-env-73eb59ec-5d2e-4449-ac68-8421665ca66c"><testcase classname="backend.tests.test_regression_iteration_5.TestAuth" name="test_login_admin" time="0.465" /><testcase classname="backend.tests.test_regression_iteration_5.TestAuth" name="test_login_lod1" time="0.338" /><testcase classname="backend.tests.test_regression_iteration_5.TestAuth" name="test_login_lod2" time="0.337" /><testcase classname="backend.tests.test_regression_iteration_5.TestAuth" name="test_me_admin" time="0.044" /><testcase classname="backend.tests.test_regression_iteration_5.TestAuth" name="test_login_bad_credentials" time="0.136" /><testcase classname="backend.tests.test_regression_iteration_5.TestAssessments" name="test_create_list_get" time="60.041"><failure message="AssertionError: The preview environment is not responding. It may be starting up.&#10;  &#10;assert 502 in (200, 201)&#10; +  where 502 = &lt;Response [502]&gt;.status_code">E   AssertionError: The preview environment is not responding. It may be starting up.
      
    assert 502 in (200, 201)
     +  where 502 = &lt;Response [502]&gt;.status_code</failure></testcase><testcase classname="backend.tests.test_regression_iteration_5.TestControlsLibrary" name="test_library_list_no_500" time="25.384" /><testcase classname="backend.tests.test_regression_iteration_5.TestControlsLibrary" name="test_library_filters" time="0.049" /><testcase classname="backend.tests.test_regression_iteration_5.TestControlsLibrary" name="test_quality_metrics" time="0.048" /><testcase classname="backend.tests.test_regression_iteration_5.TestControlsLibrary" name="test_lod1_creates_pending" time="0.055" /><testcase classname="backend.tests.test_regression_iteration_5.TestControlsLibrary" name="test_lod2_creates_approved" time="0.052" /><testcase classname="backend.tests.test_regression_iteration_5.TestRegulatoryGapMirror" name="test_create_gap_control_mirrors_to_library" time="0.048" /><testcase classname="backend.tests.test_regression_iteration_5.TestRegulatoryGapMirror" name="test_library_returns_200_after_mirror" time="0.048" /><testcase classname="backend.tests.test_regression_iteration_5.TestRegulatoryGapMirror" name="test_library_contains_mirrored_control" time="0.047" /><testcase classname="backend.tests.test_regression_iteration_5.TestControlAnalysis" name="test_csv_import" time="0.147" /><testcase classname="backend.tests.test_regression_iteration_5.TestControlAnalysis" name="test_list_controls" time="0.044" /><testcase classname="backend.tests.test_regression_iteration_5.TestControlAnalysis" name="test_quality" time="0.045" /><testcase classname="backend.tests.test_regression_iteration_5.TestControlAnalysis" name="test_coverage" time="0.044" /><testcase classname="backend.tests.test_regression_iteration_5.TestControlAnalysis" name="test_duplicates" time="0.086" /><testcase classname="backend.tests.test_regression_iteration_5.TestRegulationMapping" name="test_map_regulation" time="4.544" /><testcase classname="backend.tests.test_regression_iteration_5.TestRag" name="test_upload_text_document" time="0.281" /><testcase classname="backend.tests.test_regression_iteration_5.TestRegulations" name="test_upload_and_list" time="0.095" /><testcase classname="backend.tests.test_regression_iteration_5.TestIssueManagement" name="test_create_and_list" time="0.107" /><testcase classname="backend.tests.test_regression_iteration_5.TestIssueManagement" name="test_update_issue" time="0.088" /><testcase classname="backend.tests.test_regression_iteration_5.TestTechRisk" name="test_create_and_get_questions" time="0.271" /><testcase classname="backend.tests.test_regression_iteration_5.TestTechRisk" name="test_list" time="0.064" /><testcase classname="backend.tests.test_regression_iteration_5.TestTrends" name="test_dashboard_trends" time="0.050" /><testcase classname="backend.tests.test_regression_iteration_5.TestLLMConfig" name="test_get_config_masked" time="0.044" /><testcase classname="backend.tests.test_regression_iteration_5.TestLLMConfig" name="test_providers" time="0.043" /><testcase classname="backend.tests.test_regression_iteration_5.TestLLMConfig" name="test_health" time="0.046" /><testcase classname="backend.tests.test_regression_iteration_5.TestSystem" name="test_system_health" time="0.045" /><testcase classname="backend.tests.test_regression_iteration_5.TestSystem" name="test_llm_usage" time="0.045" /></testsuite></testsuites>