<?xml version="1.0" encoding="utf-8"?><testsuites name="pytest tests"><testsuite name="pytest" errors="0" failures="0" skipped="0" tests="73" time="80.829" timestamp="2026-03-20T19:12:13.305796+00:00" hostname="agent-env-515c665a-ba81-47fa-8f39-a4a0d5298eb7"><testcase classname="backend.tests.test_ai_compliance.TestAIFrameworks" name="test_get_ai_frameworks" time="0.562" /><testcase classname="backend.tests.test_ai_compliance.TestAISystemRegistration" name="test_register_ai_system" time="0.482" /><testcase classname="backend.tests.test_ai_compliance.TestAISystemRegistration" name="test_register_high_risk_ai_system_assessment_due" time="0.450" /><testcase classname="backend.tests.test_ai_compliance.TestAISystemRegistration" name="test_list_ai_systems" time="0.480" /><testcase classname="backend.tests.test_ai_compliance.TestAISystemRegistration" name="test_filter_ai_systems_by_risk_category" time="0.508" /><testcase classname="backend.tests.test_ai_compliance.TestAISystemRegistration" name="test_filter_ai_systems_by_deployment_status" time="0.498" /><testcase classname="backend.tests.test_ai_compliance.TestAISystemRegistration" name="test_get_ai_system_by_id" time="0.579" /><testcase classname="backend.tests.test_ai_compliance.TestAISystemRegistration" name="test_get_nonexistent_ai_system_returns_404" time="0.622" /><testcase classname="backend.tests.test_ai_compliance.TestEUAIActAssessment" name="test_create_eu_ai_act_assessment" time="0.527" /><testcase classname="backend.tests.test_ai_compliance.TestEUAIActAssessment" name="test_eu_ai_act_controls_for_high_risk" time="0.541" /><testcase classname="backend.tests.test_ai_compliance.TestNISTAIRMFAssessment" name="test_create_nist_ai_rmf_assessment" time="0.507" /><testcase classname="backend.tests.test_ai_compliance.TestNISTAIRMFAssessment" name="test_nist_ai_rmf_functions" time="0.540" /><testcase classname="backend.tests.test_ai_compliance.TestAIAssessmentManagement" name="test_list_ai_assessments" time="0.480" /><testcase classname="backend.tests.test_ai_compliance.TestAIAssessmentManagement" name="test_filter_assessments_by_ai_system" time="0.568" /><testcase classname="backend.tests.test_ai_compliance.TestAIAssessmentManagement" name="test_filter_assessments_by_framework" time="0.559" /><testcase classname="backend.tests.test_ai_compliance.TestAIAssessmentManagement" name="test_complete_ai_assessment" time="20.276" /><testcase classname="backend.tests.test_ai_compliance.TestGapAnalysis" name="test_run_gap_analysis" time="0.546" /><testcase classname="backend.tests.test_ai_compliance.TestGapAnalysis" name="test_list_control_gaps" time="0.479" /><testcase classname="backend.tests.test_ai_compliance.TestGapAnalysis" name="test_filter_gaps_by_framework" time="0.446" /><testcase classname="backend.tests.test_assessments.TestAssessments" name="test_list_assessments_empty" time="0.499" /><testcase classname="backend.tests.test_assessments.TestAssessments" name="test_create_assessment" time="0.472" /><testcase classname="backend.tests.test_assessments.TestAssessments" name="test_get_assessment_by_id" time="0.561" /><testcase classname="backend.tests.test_assessments.TestAssessments" name="test_get_assessment_not_found" time="0.471" /><testcase classname="backend.tests.test_assessments.TestAssessments" name="test_list_assessments_after_creation" time="0.528" /><testcase classname="backend.tests.test_assessments.TestAgentActivity" name="test_get_agent_activities" time="0.571" /><testcase classname="backend.tests.test_assessments.TestModelMetrics" name="test_get_model_metrics" time="0.533" /><testcase classname="backend.tests.test_assessments.TestExplanations" name="test_get_explanations" time="0.549" /><testcase classname="backend.tests.test_auth.TestAuthentication" name="test_login_lod1_user" time="0.380" /><testcase classname="backend.tests.test_auth.TestAuthentication" name="test_login_lod2_user" time="0.335" /><testcase classname="backend.tests.test_auth.TestAuthentication" name="test_login_admin_user" time="0.344" /><testcase classname="backend.tests.test_auth.TestAuthentication" name="test_login_invalid_credentials" time="0.149" /><testcase classname="backend.tests.test_auth.TestAuthentication" name="test_login_wrong_password" time="0.348" /><testcase classname="backend.tests.test_auth.TestAuthentication" name="test_get_current_user" time="0.453" /><testcase classname="backend.tests.test_auth.TestAuthentication" name="test_get_current_user_unauthorized" time="0.134" /><testcase classname="backend.tests.test_auth.TestAuthentication" name="test_get_current_user_invalid_token" time="0.110" /><testcase classname="backend.tests.test_controls_library.TestCustomControlsLibrary" name="test_lod1_create_control_draft_status" time="0.456" /><testcase classname="backend.tests.test_controls_library.TestCustomControlsLibrary" name="test_lod2_create_control_approved_status" time="0.449" /><testcase classname="backend.tests.test_controls_library.TestCustomControlsLibrary" name="test_admin_create_control_approved_status" time="0.448" /><testcase classname="backend.tests.test_controls_library.TestCustomControlsLibrary" name="test_list_controls_library" time="0.455" /><testcase classname="backend.tests.test_controls_library.TestCustomControlsLibrary" name="test_filter_controls_by_framework" time="0.537" /><testcase classname="backend.tests.test_controls_library.TestCustomControlsLibrary" name="test_filter_ai_controls" time="3.589" /><testcase classname="backend.tests.test_controls_library.TestCustomControlsLibrary" name="test_filter_pending_review_controls" time="0.441" /><testcase classname="backend.tests.test_controls_library.TestCustomControlsLibrary" name="test_get_control_by_id" time="19.946" /><testcase classname="backend.tests.test_controls_library.TestCustomControlsLibrary" name="test_get_nonexistent_control_returns_404" time="0.451" /><testcase classname="backend.tests.test_controls_library.TestCustomControlsLibrary" name="test_update_control" time="0.502" /><testcase classname="backend.tests.test_controls_library.TestControlApprovalWorkflow" name="test_lod2_approve_lod1_control" time="1.010" /><testcase classname="backend.tests.test_controls_library.TestControlApprovalWorkflow" name="test_lod2_reject_control" time="0.995" /><testcase classname="backend.tests.test_controls_library.TestControlApprovalWorkflow" name="test_lod1_cannot_approve_control" time="0.488" /><testcase classname="backend.tests.test_controls_library.TestControlTesting" name="test_create_control_test" time="0.936" /><testcase classname="backend.tests.test_controls_library.TestControlTesting" name="test_list_control_tests" time="0.449" /><testcase classname="backend.tests.test_controls_library.TestControlTesting" name="test_update_control_test_results" time="0.984" /><testcase classname="backend.tests.test_controls_library.TestControlTesting" name="test_submit_control_test_for_review" time="1.009" /><testcase classname="backend.tests.test_controls_library.TestControlTesting" name="test_lod2_review_control_test_approve" time="1.043" /><testcase classname="backend.tests.test_controls_library.TestControlTesting" name="test_lod1_cannot_review_test" time="1.018" /><testcase classname="backend.tests.test_controls_library.TestControlTesting" name="test_filter_pending_review_tests" time="0.445" /><testcase classname="backend.tests.test_knowledge_observability.TestKnowledgeGraph" name="test_get_knowledge_graph" time="0.484" /><testcase classname="backend.tests.test_knowledge_observability.TestKnowledgeGraph" name="test_get_knowledge_graph_filtered" time="0.502" /><testcase classname="backend.tests.test_knowledge_observability.TestKnowledgeGraph" name="test_query_knowledge_graph" time="0.645" /><testcase classname="backend.tests.test_knowledge_observability.TestObservabilityDashboard" name="test_get_observability_dashboard" time="0.452" /><testcase classname="backend.tests.test_knowledge_observability.TestIssueManagement" name="test_create_issue" time="0.447" /><testcase classname="backend.tests.test_knowledge_observability.TestIssueManagement" name="test_list_issues" time="0.433" /><testcase classname="backend.tests.test_knowledge_observability.TestIssueManagement" name="test_list_issues_filtered" time="0.576" /><testcase classname="backend.tests.test_knowledge_observability.TestIssueManagement" name="test_get_issue_by_id" time="0.493" /><testcase classname="backend.tests.test_knowledge_observability.TestIssueManagement" name="test_update_issue" time="0.517" /><testcase classname="backend.tests.test_knowledge_observability.TestAnalytics" name="test_get_analytics_summary" time="0.488" /><testcase classname="backend.tests.test_knowledge_observability.TestAnalytics" name="test_get_analytics_trends" time="0.455" /><testcase classname="backend.tests.test_llm_config.TestLLMConfiguration" name="test_get_llm_config" time="0.478" /><testcase classname="backend.tests.test_llm_config.TestLLMConfiguration" name="test_list_llm_providers" time="0.427" /><testcase classname="backend.tests.test_llm_config.TestLLMConfiguration" name="test_update_llm_config_lod2" time="0.556" /><testcase classname="backend.tests.test_llm_config.TestLLMConfiguration" name="test_update_llm_config_admin" time="0.520" /><testcase classname="backend.tests.test_llm_config.TestLLMConfiguration" name="test_update_llm_config_lod1_forbidden" time="0.529" /><testcase classname="backend.tests.test_llm_config.TestLLMConfiguration" name="test_llm_health_check" time="0.493" /><testcase classname="backend.tests.test_llm_config.TestLLMConfiguration" name="test_llm_test_connection" time="0.466" /></testsuite></testsuites>