<?xml version="1.0" encoding="utf-8"?><testsuites name="pytest tests"><testsuite name="pytest" errors="0" failures="0" skipped="0" tests="39" time="18.957" timestamp="2026-04-18T20:56:08.201684+00:00" hostname="agent-env-3968af46-b73b-485f-a56b-33f49d561118"><testcase classname="tests.test_tech_risk_assessment.TestTechRiskAssessmentAPI" name="test_list_assessments" time="0.699" /><testcase classname="tests.test_tech_risk_assessment.TestTechRiskAssessmentAPI" name="test_create_assessment_with_context" time="0.429" /><testcase classname="tests.test_tech_risk_assessment.TestTechRiskAssessmentAPI" name="test_get_assessment_by_id" time="0.513" /><testcase classname="tests.test_tech_risk_assessment.TestTechRiskAssessmentAPI" name="test_get_assessment_not_found" time="0.449" /><testcase classname="tests.test_tech_risk_assessment.TestTechRiskAssessmentAPI" name="test_get_intelligent_questionnaire" time="0.493" /><testcase classname="tests.test_tech_risk_assessment.TestTechRiskAssessmentAPI" name="test_submit_questionnaire_and_identify_risks" time="0.494" /><testcase classname="tests.test_tech_risk_assessment.TestTechRiskAssessmentAPI" name="test_download_pdf_report" time="0.501" /><testcase classname="tests.test_tech_risk_assessment.TestTechRiskAssessmentAPI" name="test_create_issues_from_risks" time="0.495" /><testcase classname="tests.test_tech_risk_assessment.TestTechRiskAssessmentAPI" name="test_get_risk_categories" time="0.453" /><testcase classname="tests.test_tech_risk_assessment.TestTechRiskAssessmentAPI" name="test_get_risk_ratings" time="0.445" /><testcase classname="tests.test_tech_risk_assessment.TestTechRiskAssessmentAPI" name="test_get_cmdb_context" time="0.455" /><testcase classname="tests.test_tech_risk_assessment.TestTechRiskAssessmentAPI" name="test_update_assessment_context" time="0.476" /><testcase classname="tests.test_tech_risk_assessment.TestTechRiskAssessmentAPI" name="test_complete_assessment" time="0.502" /><testcase classname="tests.test_tech_risk_assessment.TestTechRiskAssessmentAPI" name="test_filter_assessments_by_status" time="0.430" /><testcase classname="tests.test_tech_risk_assessment.TestTechRiskAssessmentAPI" name="test_filter_assessments_by_app_name" time="0.439" /><testcase classname="tests.test_issue_management.TestIssueManagementAPI" name="test_list_issues" time="0.438" /><testcase classname="tests.test_issue_management.TestIssueManagementAPI" name="test_get_issue_statistics" time="0.427" /><testcase classname="tests.test_issue_management.TestIssueManagementAPI" name="test_create_manual_issue" time="0.430" /><testcase classname="tests.test_issue_management.TestIssueManagementAPI" name="test_get_issue_by_id" time="0.480" /><testcase classname="tests.test_issue_management.TestIssueManagementAPI" name="test_get_issue_not_found" time="0.449" /><testcase classname="tests.test_issue_management.TestIssueManagementAPI" name="test_update_issue_status" time="0.480" /><testcase classname="tests.test_issue_management.TestIssueManagementAPI" name="test_update_issue_priority" time="0.512" /><testcase classname="tests.test_issue_management.TestIssueManagementAPI" name="test_add_comment_to_issue" time="0.485" /><testcase classname="tests.test_issue_management.TestIssueManagementAPI" name="test_add_internal_comment" time="0.495" /><testcase classname="tests.test_issue_management.TestIssueManagementAPI" name="test_resolve_issue" time="0.591" /><testcase classname="tests.test_issue_management.TestIssueManagementAPI" name="test_close_issue" time="0.624" /><testcase classname="tests.test_issue_management.TestIssueManagementAPI" name="test_close_unresolved_issue_fails" time="0.486" /><testcase classname="tests.test_issue_management.TestIssueManagementAPI" name="test_sync_to_servicenow" time="0.503" /><testcase classname="tests.test_issue_management.TestIssueManagementAPI" name="test_get_issues_by_assessment" time="0.507" /><testcase classname="tests.test_issue_management.TestIssueManagementAPI" name="test_filter_issues_by_status" time="0.435" /><testcase classname="tests.test_issue_management.TestIssueManagementAPI" name="test_filter_issues_by_priority" time="0.508" /><testcase classname="tests.test_issue_management.TestIssueManagementAPI" name="test_filter_issues_by_type" time="0.469" /><testcase classname="tests.test_issue_management.TestIssueManagementAPI" name="test_get_overdue_issues" time="0.435" /><testcase classname="tests.test_issue_management.TestIssueManagementAPI" name="test_get_issue_types" time="0.464" /><testcase classname="tests.test_issue_management.TestIssueManagementAPI" name="test_get_issue_statuses" time="0.522" /><testcase classname="tests.test_issue_management.TestIssueManagementAPI" name="test_get_issue_priorities" time="0.433" /><testcase classname="tests.test_issue_management.TestIssueManagementAPI" name="test_get_issue_sources" time="0.441" /><testcase classname="tests.test_issue_management.TestIssueManagementAPI" name="test_link_issue_to_assessment" time="0.592" /><testcase classname="tests.test_issue_management.TestIssueManagementAPI" name="test_issue_sla_tracking" time="0.440" /></testsuite></testsuites>