<?xml version="1.0" encoding="utf-8"?><testsuites name="pytest tests"><testsuite name="pytest" errors="0" failures="1" skipped="0" tests="27" time="13.461" timestamp="2026-03-20T19:55:15.728039+00:00" hostname="agent-env-3968af46-b73b-485f-a56b-33f49d561118"><testcase classname="backend.tests.test_automated_testing.TestAutomatedTestingAPI" name="test_get_test_runs_returns_list" time="0.531" /><testcase classname="backend.tests.test_automated_testing.TestAutomatedTestingAPI" name="test_get_test_runs_structure" time="0.527" /><testcase classname="backend.tests.test_automated_testing.TestAutomatedTestingAPI" name="test_get_test_types_returns_list" time="0.489" /><testcase classname="backend.tests.test_automated_testing.TestAutomatedTestingAPI" name="test_get_test_types_structure" time="0.510" /><testcase classname="backend.tests.test_automated_testing.TestAutomatedTestingAPI" name="test_get_test_types_contains_expected_types" time="0.494" /><testcase classname="backend.tests.test_automated_testing.TestAutomatedTestingAPI" name="test_get_evidence_sources_returns_list" time="0.489" /><testcase classname="backend.tests.test_automated_testing.TestAutomatedTestingAPI" name="test_get_evidence_sources_structure" time="0.468" /><testcase classname="backend.tests.test_automated_testing.TestAutomatedTestingAPI" name="test_get_evidence_sources_contains_expected_sources" time="0.480" /><testcase classname="backend.tests.test_automated_testing.TestAutomatedTestingAPI" name="test_get_test_run_by_id_not_found" time="0.513" /><testcase classname="backend.tests.test_automated_testing.TestAutomatedTestingAPI" name="test_run_test_control_not_found" time="0.500" /><testcase classname="backend.tests.test_automated_testing.TestAutomatedTestingAPI" name="test_endpoints_require_authentication" time="0.280" /><testcase classname="backend.tests.test_automated_testing.TestAutomatedTestRunWorkflow" name="test_run_test_on_approved_control" time="0.586" /><testcase classname="backend.tests.test_automated_testing.TestAutomatedTestRunWorkflow" name="test_run_test_returns_findings" time="0.555" /><testcase classname="backend.tests.test_gap_remediation.TestGapAnalysisAPI" name="test_get_gaps_returns_list" time="0.483" /><testcase classname="backend.tests.test_gap_remediation.TestGapAnalysisAPI" name="test_get_gaps_structure" time="0.506" /><testcase classname="backend.tests.test_gap_remediation.TestGapAnalysisAPI" name="test_get_gaps_severity_values" time="0.505" /><testcase classname="backend.tests.test_gap_remediation.TestGapAnalysisAPI" name="test_get_gaps_status_values" time="0.518" /><testcase classname="backend.tests.test_gap_remediation.TestGapRemediationAPI" name="test_get_remediations_returns_list" time="0.489" /><testcase classname="backend.tests.test_gap_remediation.TestGapRemediationAPI" name="test_get_remediations_structure" time="0.478" /><testcase classname="backend.tests.test_gap_remediation.TestGapRemediationAPI" name="test_get_remediation_by_id_not_found" time="0.551" /><testcase classname="backend.tests.test_gap_remediation.TestGapRemediationAPI" name="test_get_recommendations_for_gap" time="0.587" /><testcase classname="backend.tests.test_gap_remediation.TestGapRemediationAPI" name="test_get_recommendations_structure" time="0.540" /><testcase classname="backend.tests.test_gap_remediation.TestGapRemediationAPI" name="test_get_recommendations_for_nonexistent_gap" time="0.492" /><testcase classname="backend.tests.test_gap_remediation.TestGapRemediationAPI" name="test_create_remediation_for_gap" time="0.537" /><testcase classname="backend.tests.test_gap_remediation.TestGapRemediationAPI" name="test_create_remediation_for_nonexistent_gap" time="0.500" /><testcase classname="backend.tests.test_gap_remediation.TestGapRemediationWorkflow" name="test_select_approach_on_draft_remediation" time="0.559"><failure message="AssertionError: BUG: select-approach returns 500 due to missing timedelta import in agents/__init__.py&#10;assert 500 == 200&#10; +  where 500 = &lt;Response [500]&gt;.status_code">backend/tests/test_gap_remediation.py:231: in test_select_approach_on_draft_remediation
    assert response.status_code == 200, f"BUG: select-approach returns 500 due to missing timedelta import in agents/__init__.py"
E   AssertionError: BUG: select-approach returns 500 due to missing timedelta import in agents/__init__.py
E   assert 500 == 200
E    +  where 500 = &lt;Response [500]&gt;.status_code</failure></testcase><testcase classname="backend.tests.test_gap_remediation.TestGapRemediationWorkflow" name="test_endpoints_require_authentication" time="0.203" /></testsuite></testsuites>